Populatia initiala
1: 1011100010000010001101   x: 1.162211   f: 1.811476933749082
2: 1110000111101111110010   x: 1.647696   f: 0.932794589831771
3: 1111001101001100111010   x: 1.851177   f: 0.424319583701403
4: 0001011100001001011011   x: -0.730037   f: 0.737008027993551
5: 1110011110111001010001   x: 1.715513   f: 0.772528913319061
6: 1011011111100011001010   x: 1.154930   f: 1.821066496414753
7: 0011101110011101100110   x: -0.301380   f: 1.607790874429826
8: 0111100111011001011100   x: 0.427923   f: 2.244804846864421
9: 1000110000101101000110   x: 0.642690   f: 2.229639672428275
10: 1010010100010111000000   x: 0.934647   f: 2.061081926538820
11: 1000111111100100010100   x: 0.686233   f: 2.215317281308561
12: 1011110101111010100001   x: 1.220453   f: 1.730948051681534
13: 0110101011001110010100   x: 0.251632   f: 2.188313354045063
14: 0101001000100010000111   x: -0.037501   f: 1.961092817707875
15: 0100100111101110001110   x: -0.133626   f: 1.848517769647009
16: 1010110000001111000110   x: 1.016316   f: 1.983417356741638
17: 1111001000111010100000   x: 1.838616   f: 0.458106952190019
18: 0000010011011110010000   x: -0.942951   f: 0.167891866766404
19: 0000000101000100100111   x: -0.985141   f: 0.044357521454561
20: 0101101101111110001101   x: 0.072184   f: 2.066973150324625

Probabilitati selectie
cromozom 1 probabilitate 0.061809439516674
cromozom 2 probabilitate 0.031827902253418
cromozom 3 probabilitate 0.014478216727967
cromozom 4 probabilitate 0.025147465187586
cromozom 5 probabilitate 0.026359474003267
cromozom 6 probabilitate 0.062136645169990
cromozom 7 probabilitate 0.054859463544401
cromozom 8 probabilitate 0.076595029626925
cromozom 9 probabilitate 0.076077578416475
cromozom 10 probabilitate 0.070326216306631
cromozom 11 probabilitate 0.075588883831877
cromozom 12 probabilitate 0.059061711973051
cromozom 13 probabilitate 0.074667482307071
cromozom 14 probabilitate 0.066914485988972
cromozom 15 probabilitate 0.063073310595254
cromozom 16 probabilitate 0.067676222017423
cromozom 17 probabilitate 0.015631076182104
cromozom 18 probabilitate 0.005728641635399
cromozom 19 probabilitate 0.001513523848069
cromozom 20 probabilitate 0.070527230867448

Intervale probabilitati selectie
1: 0.000000000000000 0.061809439516674
2: 0.061809439516674 0.093637341770092
3: 0.093637341770092 0.108115558498059
4: 0.108115558498059 0.133263023685645
5: 0.133263023685645 0.159622497688911
6: 0.159622497688911 0.221759142858902
7: 0.221759142858902 0.276618606403302
8: 0.276618606403302 0.353213636030227
9: 0.353213636030227 0.429291214446702
10: 0.429291214446702 0.499617430753333
11: 0.499617430753333 0.575206314585210
12: 0.575206314585210 0.634268026558261
13: 0.634268026558261 0.708935508865332
14: 0.708935508865332 0.775849994854304
15: 0.775849994854304 0.838923305449557
16: 0.838923305449557 0.906599527466980
17: 0.906599527466980 0.922230603649084
18: 0.922230603649084 0.927959245284483
19: 0.927959245284483 0.929472769132552
20: 0.929472769132552 1.000000000000000

u = 0.175558532133170 selectam cromozomul 6 (noul cromozom 1)
u = 0.459638569075310 selectam cromozomul 10 (noul cromozom 2)
u = 0.776140519889570 selectam cromozomul 15 (noul cromozom 3)
u = 0.346397819208050 selectam cromozomul 8 (noul cromozom 4)
u = 0.087575020447930 selectam cromozomul 2 (noul cromozom 5)
u = 0.555919261608550 selectam cromozomul 11 (noul cromozom 6)
u = 0.733001008882430 selectam cromozomul 14 (noul cromozom 7)
u = 0.208645111975430 selectam cromozomul 6 (noul cromozom 8)
u = 0.328271352586800 selectam cromozomul 8 (noul cromozom 9)
u = 0.546668107338120 selectam cromozomul 11 (noul cromozom 10)
u = 0.005039590467040 selectam cromozomul 1 (noul cromozom 11)
u = 0.615106795058140 selectam cromozomul 12 (noul cromozom 12)
u = 0.948072024312960 selectam cromozomul 20 (noul cromozom 13)
u = 0.110241338227410 selectam cromozomul 4 (noul cromozom 14)
u = 0.762305691749590 selectam cromozomul 14 (noul cromozom 15)
u = 0.348217374966220 selectam cromozomul 8 (noul cromozom 16)
u = 0.684942739970520 selectam cromozomul 13 (noul cromozom 17)
u = 0.357206439859850 selectam cromozomul 9 (noul cromozom 18)
u = 0.847423756556750 selectam cromozomul 16 (noul cromozom 19)
u = 0.588521574254780 selectam cromozomul 12 (noul cromozom 20)

Dupa selectie
1: 1011011111100011001010   x: 1.154930   f: 1.821066496414753
2: 1010010100010111000000   x: 0.934647   f: 2.061081926538820
3: 0100100111101110001110   x: -0.133626   f: 1.848517769647009
4: 0111100111011001011100   x: 0.427923   f: 2.244804846864421
5: 1110000111101111110010   x: 1.647696   f: 0.932794589831771
6: 1000111111100100010100   x: 0.686233   f: 2.215317281308561
7: 0101001000100010000111   x: -0.037501   f: 1.961092817707875
8: 1011011111100011001010   x: 1.154930   f: 1.821066496414753
9: 0111100111011001011100   x: 0.427923   f: 2.244804846864421
10: 1000111111100100010100   x: 0.686233   f: 2.215317281308561
11: 1011100010000010001101   x: 1.162211   f: 1.811476933749082
12: 1011110101111010100001   x: 1.220453   f: 1.730948051681534
13: 0101101101111110001101   x: 0.072184   f: 2.066973150324625
14: 0001011100001001011011   x: -0.730037   f: 0.737008027993551
15: 0101001000100010000111   x: -0.037501   f: 1.961092817707875
16: 0111100111011001011100   x: 0.427923   f: 2.244804846864421
17: 0110101011001110010100   x: 0.251632   f: 2.188313354045063
18: 1000110000101101000110   x: 0.642690   f: 2.229639672428275
19: 1010110000001111000110   x: 1.016316   f: 1.983417356741638
20: 1011110101111010100001   x: 1.220453   f: 1.730948051681534

Probabilitatea de incrucisare 0.250000000000000
1: 1011011111100011001010 u = 0.031970607891180 < 0.250000000000000 participa
2: 1010010100010111000000 u = 0.201756452565590 < 0.250000000000000 participa
3: 0100100111101110001110 u = 0.292511305158180
4: 0111100111011001011100 u = 0.512580434489840
5: 1110000111101111110010 u = 0.604755712010470
6: 1000111111100100010100 u = 0.799486679743240
7: 0101001000100010000111 u = 0.848283062284320
8: 1011011111100011001010 u = 0.410229883932710
9: 0111100111011001011100 u = 0.259976927056180
10: 1000111111100100010100 u = 0.578353954186020
11: 1011100010000010001101 u = 0.679694200693710
12: 1011110101111010100001 u = 0.560020723551550
13: 0101101101111110001101 u = 0.182298777498010 < 0.250000000000000 participa
14: 0001011100001001011011 u = 0.368867273339010
15: 0101001000100010000111 u = 0.470462802769070
16: 0111100111011001011100 u = 0.310776501177610
17: 0110101011001110010100 u = 0.378640667942900
18: 1000110000101101000110 u = 0.816554865811760
19: 1010110000001111000110 u = 0.742862009605710
20: 1011110101111010100001 u = 0.454009178303920

Recombinare dintre cromozomul 1 cu cromozomul 2:
1011011111100011001010 1010010100010111000000 punct 21
Rezultat 1011011111100011001010 1010010100010111000000


Dupa recombinare
1: 1011011111100011001010   x: 1.154930   f: 1.821066496414753
2: 1010010100010111000000   x: 0.934647   f: 2.061081926538820
3: 0100100111101110001110   x: -0.133626   f: 1.848517769647009
4: 0111100111011001011100   x: 0.427923   f: 2.244804846864421
5: 1110000111101111110010   x: 1.647696   f: 0.932794589831771
6: 1000111111100100010100   x: 0.686233   f: 2.215317281308561
7: 0101001000100010000111   x: -0.037501   f: 1.961092817707875
8: 1011011111100011001010   x: 1.154930   f: 1.821066496414753
9: 0111100111011001011100   x: 0.427923   f: 2.244804846864421
10: 1000111111100100010100   x: 0.686233   f: 2.215317281308561
11: 1011100010000010001101   x: 1.162211   f: 1.811476933749082
12: 1011110101111010100001   x: 1.220453   f: 1.730948051681534
13: 0101101101111110001101   x: 0.072184   f: 2.066973150324625
14: 0001011100001001011011   x: -0.730037   f: 0.737008027993551
15: 0101001000100010000111   x: -0.037501   f: 1.961092817707875
16: 0111100111011001011100   x: 0.427923   f: 2.244804846864421
17: 0110101011001110010100   x: 0.251632   f: 2.188313354045063
18: 1000110000101101000110   x: 0.642690   f: 2.229639672428275
19: 1010110000001111000110   x: 1.016316   f: 1.983417356741638
20: 1011110101111010100001   x: 1.220453   f: 1.730948051681534

Probabilitate de mutatie pentru fiecare gena 0.010000000000000
Au fost modificati cromozomii: 
2
6
7
14

Dupa mutatie
1: 1011011111100011001010   x: 1.154930   f: 1.821066496414753
2: 0010011100010111000000   x: -0.541916   f: 1.164411498345455
3: 0100100111101110001110   x: -0.133626   f: 1.848517769647009
4: 0111100111011001011100   x: 0.427923   f: 2.244804846864421
5: 1110000111101111110010   x: 1.647696   f: 0.932794589831771
6: 1000111011100100000100   x: 0.674503   f: 2.219548782573296
7: 0101001001100010000111   x: -0.034571   f: 1.964233654529845
8: 1011011111100011001010   x: 1.154930   f: 1.821066496414753
9: 0111100111011001011100   x: 0.427923   f: 2.244804846864421
10: 1000111111100100010100   x: 0.686233   f: 2.215317281308561
11: 1011100010000010001101   x: 1.162211   f: 1.811476933749082
12: 1011110101111010100001   x: 1.220453   f: 1.730948051681534
13: 0101101101111110001101   x: 0.072184   f: 2.066973150324625
14: 0001011100011001011011   x: -0.729305   f: 0.738809304558850
15: 0101001000100010000111   x: -0.037501   f: 1.961092817707875
16: 0111100111011001011100   x: 0.427923   f: 2.244804846864421
17: 0110101011001110010100   x: 0.251632   f: 2.188313354045063
18: 1000110000101101000110   x: 0.642690   f: 2.229639672428275
19: 1010110000001111000110   x: 1.016316   f: 1.983417356741638
20: 1011110101111010100001   x: 1.220453   f: 1.730948051681534

Evolutia maximului si evolutia mediei
2.244804846864421    1.858149490128859
2.244804846864421    1.915493624173997
2.244810000964827    1.982405178488685
2.247634159629095    2.058232018438356
2.247634159629095    2.034026447244582
2.247634159629095    2.068226874803766
2.247650274643708    2.103540099559984
2.247650274643708    2.026527113319715
2.247650274643708    2.044345484842844
2.247650274643708    2.100574520026556
2.247650274643708    2.191511184958078
2.247650274643708    2.182505246362887
2.247650274643708    2.158063607635091
2.247650274643708    2.149246945573428
2.247650274643708    2.183207890110725
2.247650274643708    2.144149332507727
2.248640206648075    2.167261361816050
2.248640206648075    2.113142178171601
2.248640206648075    2.179304803298284
2.248640206648075    2.180665985433567
2.249997443344245    2.173283195678484
2.249997443344245    2.063986103006662
2.249997443344245    2.044176405282280
2.249997443344245    2.116431169822285
2.249997443344245    2.183725743003387
2.249997443344245    2.042536058892584
2.249997443344245    2.192865992276632
2.249997461610090    2.188019047800708
2.249997461610090    2.192826797521577
2.249999983516410    2.223477873352940
2.249999983516410    2.240930842101980
2.249999983516410    2.241012378097522
2.249999983516410    2.233693198684898
2.249999998643133    2.248434204550848
2.249999998643133    2.246346423181594
2.249999998643133    2.246619713248638
2.249999998643133    2.142458202093040
2.249999998643133    2.243563635418327
2.249999998643133    2.198849246451828
2.249999999805468    2.209398801667070
2.249999999805468    2.143393710687973
2.249999999824908    2.245082437998925
2.249999999824908    2.246775241196362
2.249999999824908    2.210965352668491
2.249999999824908    2.239621497791261
2.249999999860719    2.138317010177487
2.249999999860719    2.041959419030444
2.249999999860719    2.083535496669490
2.249999999860719    2.076452276008018
2.249999999860719    2.203891662141134
